<?xml version="1.0" encoding="utf-8"?><testsuites><testsuite name="pytest" errors="0" failures="0" skipped="0" tests="15" time="12.587" timestamp="2023-03-20T10:21:42.972183" hostname="YY534418"><testcase classname="test_mem_interface" name="testbasics" time="0.003" /><testcase classname="test_mem_interface" name="testnumbers" time="11.184" /><testcase classname="test_mem_interface" name="test_read_reset" time="0.002" /><testcase classname="test_sharedobject" name="test_first1" time="0.002" /><testcase classname="test_sharedobject" name="test_process" time="0.306" /><testcase classname="test_sharedobject" name="test_processtight" time="0.315" /><testcase classname="test_sharedobject" name="test_processnum" time="0.319" /><testcase classname="test_sharedobject" name="test_startbytes" time="0.001" /><testcase classname="test_sharedobject" name="test_bool" time="0.001" /><testcase classname="test_sharedobject" name="test_ints" time="0.001" /><testcase classname="test_sharedobject" name="test_int" time="0.001" /><testcase classname="test_sharedobject" name="test_string" time="0.001" /><testcase classname="test_sharedobject" name="test_processstring" time="0.376" /><testcase classname="test_sharedobject" name="test_shared_string_basic" time="0.004" /><testcase classname="test_sharedobject" name="test_shared_string" time="0.004" /></testsuite></testsuites>